This is pdfTeX, Version 3.141592653-2.6-1.40.24 (MiKTeX 22.1) (preloaded format=pdflatex 2022.3.10)  11 APR 2022 12:43
entering extended mode
 restricted \write18 enabled.
 file:line:error style messages enabled.
 %&-line parsing enabled.
**./report.tex
(report.tex
LaTeX2e <2021-11-15> patch level 1
L3 programming layer <2022-02-24>
(D:\Programy\MikTeX\tex/latex/amscls\amsart.cls
Document Class: amsart 2020/05/29 v2.20.6
\linespacing=\dimen138
\normalparindent=\dimen139
\normaltopskip=\skip47
(D:\Programy\MikTeX\tex/latex/amsmath\amsmath.sty
Package: amsmath 2021/10/15 v2.17l AMS math features
\@mathmargin=\skip48

For additional information on amsmath, use the `?' option.
(D:\Programy\MikTeX\tex/latex/amsmath\amstext.sty
Package: amstext 2021/08/26 v2.01 AMS text

(D:\Programy\MikTeX\tex/latex/amsmath\amsgen.sty
File: amsgen.sty 1999/11/30 v2.0 generic functions
\@emptytoks=\toks16
\ex@=\dimen140
))
(D:\Programy\MikTeX\tex/latex/amsmath\amsbsy.sty
Package: amsbsy 1999/11/29 v1.2d Bold Symbols
\pmbraise@=\dimen141
)
(D:\Programy\MikTeX\tex/latex/amsmath\amsopn.sty
Package: amsopn 2021/08/26 v2.02 operator names
)
\inf@bad=\count185
LaTeX Info: Redefining \frac on input line 234.
\uproot@=\count186
\leftroot@=\count187
LaTeX Info: Redefining \overline on input line 399.
\classnum@=\count188
\DOTSCASE@=\count189
LaTeX Info: Redefining \ldots on input line 496.
LaTeX Info: Redefining \dots on input line 499.
LaTeX Info: Redefining \cdots on input line 620.
\Mathstrutbox@=\box50
\strutbox@=\box51
\big@size=\dimen142
LaTeX Font Info:    Redeclaring font encoding OML on input line 743.
LaTeX Font Info:    Redeclaring font encoding OMS on input line 744.
\macc@depth=\count190
\c@MaxMatrixCols=\count191
\dotsspace@=\muskip16
\c@parentequation=\count192
\dspbrk@lvl=\count193
\tag@help=\toks17
\row@=\count194
\column@=\count195
\maxfields@=\count196
\andhelp@=\toks18
\eqnshift@=\dimen143
\alignsep@=\dimen144
\tagshift@=\dimen145
\tagwidth@=\dimen146
\totwidth@=\dimen147
\lineht@=\dimen148
\@envbody=\toks19
\multlinegap=\skip49
\multlinetaggap=\skip50
\mathdisplay@stack=\toks20
LaTeX Info: Redefining \[ on input line 2938.
LaTeX Info: Redefining \] on input line 2939.
)
LaTeX Font Info:    Trying to load font information for U+msa on input line 397
.

(D:\Programy\MikTeX\tex/latex/amsfonts\umsa.fd
File: umsa.fd 2013/01/14 v3.01 AMS symbols A
)
(D:\Programy\MikTeX\tex/latex/amsfonts\amsfonts.sty
Package: amsfonts 2013/01/14 v3.01 Basic AMSFonts support
\symAMSa=\mathgroup4
\symAMSb=\mathgroup5
LaTeX Font Info:    Redeclaring math symbol \hbar on input line 98.
LaTeX Font Info:    Overwriting math alphabet `\mathfrak' in version `bold'
(Font)                  U/euf/m/n --> U/euf/b/n on input line 106.
)
\copyins=\insert199
\abstractbox=\box52
\listisep=\skip51
\c@part=\count197
\c@section=\count198
\c@subsection=\count266
\c@subsubsection=\count267
\c@paragraph=\count268
\c@subparagraph=\count269
\c@figure=\count270
\c@table=\count271
\abovecaptionskip=\skip52
\belowcaptionskip=\skip53
\captionindent=\dimen149
\thm@style=\toks21
\thm@bodyfont=\toks22
\thm@headfont=\toks23
\thm@notefont=\toks24
\thm@headpunct=\toks25
\thm@preskip=\skip54
\thm@postskip=\skip55
\thm@headsep=\skip56
\dth@everypar=\toks26
)
(D:\Programy\MikTeX\tex/latex/float\float.sty
Package: float 2001/11/08 v1.3d Float enhancements (AL)
\c@float@type=\count272
\float@exts=\toks27
\float@box=\box53
\@float@everytoks=\toks28
\@floatcapt=\box54
)
(D:\Programy\MikTeX\tex/latex/base\fontenc.sty
Package: fontenc 2021/04/29 v2.0v Standard LaTeX package
)
(D:\Programy\MikTeX\tex/latex/geometry\geometry.sty
Package: geometry 2020/01/02 v5.9 Page Geometry

(D:\Programy\MikTeX\tex/latex/graphics\keyval.sty
Package: keyval 2014/10/28 v1.15 key=value parser (DPC)
\KV@toks@=\toks29
)
(D:\Programy\MikTeX\tex/generic/iftex\ifvtex.sty
Package: ifvtex 2019/10/25 v1.7 ifvtex legacy package. Use iftex instead.

(D:\Programy\MikTeX\tex/generic/iftex\iftex.sty
Package: iftex 2022/02/03 v1.0f TeX engine tests
))
\Gm@cnth=\count273
\Gm@cntv=\count274
\c@Gm@tempcnt=\count275
\Gm@bindingoffset=\dimen150
\Gm@wd@mp=\dimen151
\Gm@odd@mp=\dimen152
\Gm@even@mp=\dimen153
\Gm@layoutwidth=\dimen154
\Gm@layoutheight=\dimen155
\Gm@layouthoffset=\dimen156
\Gm@layoutvoffset=\dimen157
\Gm@dimlist=\toks30

(D:\Programy\MikTeX\tex/latex/geometry\geometry.cfg))
(D:\Programy\MikTeX\tex/latex/parskip\parskip.sty
Package: parskip 2021-03-14 v2.0h non-zero parskip adjustments

(D:\Programy\MikTeX\tex/latex/kvoptions\kvoptions.sty
Package: kvoptions 2020-10-07 v3.14 Key value format for package options (HO)

(D:\Programy\MikTeX\tex/generic/ltxcmds\ltxcmds.sty
Package: ltxcmds 2020-05-10 v1.25 LaTeX kernel commands for general use (HO)
)
(D:\Programy\MikTeX\tex/generic/kvsetkeys\kvsetkeys.sty
Package: kvsetkeys 2019/12/15 v1.18 Key value parser (HO)
))
(D:\Programy\MikTeX\tex/latex/etoolbox\etoolbox.sty
Package: etoolbox 2020/10/05 v2.5k e-TeX tools for LaTeX (JAW)
\etb@tempcnta=\count276
)
Couldn't patch \@starttoc
) (D:\Programy\MikTeX\tex/latex/amsfonts\amssymb.sty
Package: amssymb 2013/01/14 v3.01 AMS font symbols
)
(D:\Programy\MikTeX\tex/latex/titling\titling.sty
Package: titling 2009/09/04 v2.1d maketitle typesetting
\thanksmarkwidth=\skip57
\thanksmargin=\skip58
\droptitle=\skip59
)
(D:\Programy\MikTeX\tex/latex/tools\enumerate.sty
Package: enumerate 2015/07/23 v3.00 enumerate extensions (DPC)
\@enLab=\toks31
)
(D:\Programy\MikTeX\tex/latex/multirow\multirow.sty
Package: multirow 2021/03/15 v2.8 Span multiple rows of a table
\multirow@colwidth=\skip60
\multirow@cntb=\count277
\multirow@dima=\skip61
\bigstrutjot=\dimen158
)
(D:\Programy\MikTeX\tex/latex/graphics\graphics.sty
Package: graphics 2021/03/04 v1.4d Standard LaTeX Graphics (DPC,SPQR)

(D:\Programy\MikTeX\tex/latex/graphics\trig.sty
Package: trig 2021/08/11 v1.11 sin cos tan (DPC)
)
(D:\Programy\MikTeX\tex/latex/graphics-cfg\graphics.cfg
File: graphics.cfg 2016/06/04 v1.11 sample graphics configuration
)
Package graphics Info: Driver file: pdftex.def on input line 107.

(D:\Programy\MikTeX\tex/latex/graphics-def\pdftex.def
File: pdftex.def 2020/10/05 v1.2a Graphics/color driver for pdftex
))
(D:\Programy\MikTeX\tex/latex/graphics\graphicx.sty
Package: graphicx 2021/09/16 v1.2d Enhanced LaTeX Graphics (DPC,SPQR)
\Gin@req@height=\dimen159
\Gin@req@width=\dimen160
)
(D:\Programy\MikTeX\tex/latex/caption\caption.sty
Package: caption 2022/02/28 v3.6a Customizing captions (AR)

(D:\Programy\MikTeX\tex/latex/caption\caption3.sty
Package: caption3 2022/02/28 v2.3a caption3 kernel (AR)
\caption@tempdima=\dimen161
\captionmargin=\dimen162
\caption@leftmargin=\dimen163
\caption@rightmargin=\dimen164
\caption@width=\dimen165
\caption@indent=\dimen166
\caption@parindent=\dimen167
\caption@hangindent=\dimen168
Package caption Info: AMS or SMF document class detected.

(D:\Programy\MikTeX\tex/latex/caption\caption-ams-smf.sto
File: caption-ams-smf.sto 2020/08/22 v2.0 Adaption of the caption package to th
e AMS and SMF document classes (AR)
))
\c@caption@flags=\count278
\c@continuedfloat=\count279
Package caption Info: float package is loaded.
)
(D:\Programy\MikTeX\tex/latex/tools\array.sty
Package: array 2021/10/04 v2.5f Tabular extension package (FMi)
\col@sep=\dimen169
\ar@mcellbox=\box55
\extrarowheight=\dimen170
\NC@list=\toks32
\extratabsurround=\skip62
\backup@length=\skip63
\ar@cellbox=\box56
)
(D:\Programy\MikTeX\tex/latex/xcolor\xcolor.sty
Package: xcolor 2021/10/31 v2.13 LaTeX color extensions (UK)

(D:\Programy\MikTeX\tex/latex/graphics-cfg\color.cfg
File: color.cfg 2016/01/02 v1.6 sample color configuration
)
Package xcolor Info: Driver file: pdftex.def on input line 227.
Package xcolor Info: Model `cmy' substituted by `cmy0' on input line 1352.
Package xcolor Info: Model `hsb' substituted by `rgb' on input line 1356.
Package xcolor Info: Model `RGB' extended on input line 1368.
Package xcolor Info: Model `HTML' substituted by `rgb' on input line 1370.
Package xcolor Info: Model `Hsb' substituted by `hsb' on input line 1371.
Package xcolor Info: Model `tHsb' substituted by `hsb' on input line 1372.
Package xcolor Info: Model `HSB' substituted by `hsb' on input line 1373.
Package xcolor Info: Model `Gray' substituted by `gray' on input line 1374.
Package xcolor Info: Model `wave' substituted by `hsb' on input line 1375.
)
(D:\Programy\MikTeX\tex/latex/caption\subcaption.sty
Package: subcaption 2022/01/07 v1.5 Sub-captions (AR)
\c@subfigure=\count280
\c@subtable=\count281
)
(D:\Programy\MikTeX\tex/latex/l3backend\l3backend-pdftex.def
File: l3backend-pdftex.def 2022-02-07 L3 backend support: PDF output (pdfTeX)
\l__color_backend_stack_int=\count282
\l__pdf_internal_box=\box57
)
(D:/Studia\MoCaDR_proj1\Report\out\report.aux

LaTeX Warning: Label `fig:figure' multiply defined.


LaTeX Warning: Label `fig:figure' multiply defined.


LaTeX Warning: Label `fig:figure' multiply defined.


LaTeX Warning: Label `fig:figure' multiply defined.

)
\openout1 = `report.aux'.

LaTeX Font Info:    Checking defaults for OML/cmm/m/it on input line 44.
LaTeX Font Info:    ... okay on input line 44.
LaTeX Font Info:    Checking defaults for OMS/cmsy/m/n on input line 44.
LaTeX Font Info:    ... okay on input line 44.
LaTeX Font Info:    Checking defaults for OT1/cmr/m/n on input line 44.
LaTeX Font Info:    ... okay on input line 44.
LaTeX Font Info:    Checking defaults for T1/cmr/m/n on input line 44.
LaTeX Font Info:    ... okay on input line 44.
LaTeX Font Info:    Checking defaults for TS1/cmr/m/n on input line 44.
LaTeX Font Info:    ... okay on input line 44.
LaTeX Font Info:    Checking defaults for OMX/cmex/m/n on input line 44.
LaTeX Font Info:    ... okay on input line 44.
LaTeX Font Info:    Checking defaults for U/cmr/m/n on input line 44.
LaTeX Font Info:    ... okay on input line 44.
LaTeX Font Info:    Trying to load font information for U+msa on input line 44.

 (D:\Programy\MikTeX\tex/latex/amsfonts\umsa.fd
File: umsa.fd 2013/01/14 v3.01 AMS symbols A
)
LaTeX Font Info:    Trying to load font information for U+msb on input line 44.


(D:\Programy\MikTeX\tex/latex/amsfonts\umsb.fd
File: umsb.fd 2013/01/14 v3.01 AMS symbols B
)
*geometry* driver: auto-detecting
*geometry* detected driver: pdftex
*geometry* verbose mode - [ preamble ] result:
* driver: pdftex
* paper: <default>
* layout: <same size as paper>
* layoutoffset:(h,v)=(0.0pt,0.0pt)
* modes: twoside 
* h-part:(L,W,R)=(73.71613pt, 430.00462pt, 110.57425pt)
* v-part:(T,H,B)=(95.39737pt, 556.47656pt, 143.09605pt)
* \paperwidth=614.295pt
* \paperheight=794.96999pt
* \textwidth=430.00462pt
* \textheight=556.47656pt
* \oddsidemargin=1.44614pt
* \evensidemargin=38.30426pt
* \topmargin=1.12738pt
* \headheight=8.0pt
* \headsep=14.0pt
* \topskip=10.0pt
* \footskip=12.0pt
* \marginparwidth=90.0pt
* \marginparsep=11.0pt
* \columnsep=10.0pt
* \skip\footins=7.0pt plus 11.0pt
* \hoffset=0.0pt
* \voffset=0.0pt
* \mag=1000
* \@twocolumnfalse
* \@twosidetrue
* \@mparswitchtrue
* \@reversemarginfalse
* (1in=72.27pt=25.4mm, 1cm=28.453pt)

(D:\Programy\MikTeX\tex/context/base/mkii\supp-pdf.mkii
[Loading MPS to PDF converter (version 2006.09.02).]
\scratchcounter=\count283
\scratchdimen=\dimen171
\scratchbox=\box58
\nofMPsegments=\count284
\nofMParguments=\count285
\everyMPshowfont=\toks33
\MPscratchCnt=\count286
\MPscratchDim=\dimen172
\MPnumerator=\count287
\makeMPintoPDFobject=\count288
\everyMPtoPDFconversion=\toks34
) (D:\Programy\MikTeX\tex/latex/epstopdf-pkg\epstopdf-base.sty
Package: epstopdf-base 2020-01-24 v2.11 Base part for package epstopdf
Package epstopdf-base Info: Redefining graphics rule for `.eps' on input line 4
85.

(D:\Programy\MikTeX\tex/latex/00miktex\epstopdf-sys.cfg
File: epstopdf-sys.cfg 2021/03/18 v2.0 Configuration of epstopdf for MiKTeX
))
Package caption Info: Begin \AtBeginDocument code.
Package caption Info: End \AtBeginDocument code.


LaTeX Warning: No \author given.

[1{C:/Users/dmika/AppData/Local/MiKTeX/fonts/map/pdftex/pdftex.map}]
LaTeX Font Info:    Trying to load font information for T1+cmss on input line 1
17.

(D:\Programy\MikTeX\tex/latex/base\t1cmss.fd
File: t1cmss.fd 2019/12/16 v2.5j Standard LaTeX font definitions
) [2]
<./fig//svd1_1.png, id=26, 575.9919pt x 335.3328pt>
File: ./fig//svd1_1.png Graphic file (type png)
<use ./fig//svd1_1.png>
Package pdftex.def Info: ./fig//svd1_1.png  used on input line 191.
(pdftex.def)             Requested size: 247.67168pt x 144.19028pt.

Overfull \hbox (32.66937pt too wide) in paragraph at lines 191--194
 [][] 
 []

<./fig//svd1_2.png, id=28, 423.5022pt x 335.3328pt>
File: ./fig//svd1_2.png Graphic file (type png)
<use ./fig//svd1_2.png>
Package pdftex.def Info: ./fig//svd1_2.png  used on input line 197.
(pdftex.def)             Requested size: 182.10239pt x 144.19028pt.
[3 <./fig//svd1_1.png> <./fig//svd1_2.png>]
<fig/svd1_r_w.png, id=34, 1084.05pt x 722.7pt>
File: fig/svd1_r_w.png Graphic file (type png)
<use fig/svd1_r_w.png>
Package pdftex.def Info: fig/svd1_r_w.png  used on input line 231.
(pdftex.def)             Requested size: 487.818pt x 325.21199pt.

Overfull \hbox (57.81337pt too wide) in paragraph at lines 231--233
 [][] 
 []

report.tex:238: Undefined control sequence.
l.238 \toprule
              
The control sequence at the end of the top line
of your error message was never \def'ed. If you have
misspelled it (e.g., `\hobx'), type `I' and the correct
spelling (e.g., `I\hbox'). Otherwise just continue,
and I'll forget about whatever was undefined.

report.tex:240: Undefined control sequence.
<recently read> \midrule 
                         
l.240 \midrule
              
The control sequence at the end of the top line
of your error message was never \def'ed. If you have
misspelled it (e.g., `\hobx'), type `I' and the correct
spelling (e.g., `I\hbox'). Otherwise just continue,
and I'll forget about whatever was undefined.

report.tex:247: Undefined control sequence.
<recently read> \bottomrule 
                            
l.247 \bottomrule
                 
The control sequence at the end of the top line
of your error message was never \def'ed. If you have
misspelled it (e.g., `\hobx'), type `I' and the correct
spelling (e.g., `I\hbox'). Otherwise just continue,
and I'll forget about whatever was undefined.

[4 <./fig/svd1_r_w.png>]
<./fig//svd2_1.png, id=39, 575.9919pt x 335.3328pt>
File: ./fig//svd2_1.png Graphic file (type png)
<use ./fig//svd2_1.png>
Package pdftex.def Info: ./fig//svd2_1.png  used on input line 277.
(pdftex.def)             Requested size: 247.67168pt x 144.19028pt.

Overfull \hbox (32.66937pt too wide) in paragraph at lines 277--280
 [][] 
 []

<./fig//svd2_2.png, id=40, 423.5022pt x 335.3328pt>
File: ./fig//svd2_2.png Graphic file (type png)
<use ./fig//svd2_2.png>
Package pdftex.def Info: ./fig//svd2_2.png  used on input line 283.
(pdftex.def)             Requested size: 182.10239pt x 144.19028pt.
<./fig//svd2_r_w.png, id=41, 1084.05pt x 722.7pt>
File: ./fig//svd2_r_w.png Graphic file (type png)
<use ./fig//svd2_r_w.png>
Package pdftex.def Info: ./fig//svd2_r_w.png  used on input line 299.
(pdftex.def)             Requested size: 487.818pt x 325.21199pt.

Overfull \hbox (57.81337pt too wide) in paragraph at lines 299--300
 [][] 
 []

[5 <./fig//svd2_1.png> <./fig//svd2_2.png>]
report.tex:304: Undefined control sequence.
l.304 \toprule
              
The control sequence at the end of the top line
of your error message was never \def'ed. If you have
misspelled it (e.g., `\hobx'), type `I' and the correct
spelling (e.g., `I\hbox'). Otherwise just continue,
and I'll forget about whatever was undefined.

report.tex:306: Undefined control sequence.
<recently read> \midrule 
                         
l.306 \midrule
              
The control sequence at the end of the top line
of your error message was never \def'ed. If you have
misspelled it (e.g., `\hobx'), type `I' and the correct
spelling (e.g., `I\hbox'). Otherwise just continue,
and I'll forget about whatever was undefined.

report.tex:313: Undefined control sequence.
<recently read> \bottomrule 
                            
l.313 \bottomrule
                 
The control sequence at the end of the top line
of your error message was never \def'ed. If you have
misspelled it (e.g., `\hobx'), type `I' and the correct
spelling (e.g., `I\hbox'). Otherwise just continue,
and I'll forget about whatever was undefined.

<./fig//nmf_1.png, id=47, 575.9919pt x 335.3328pt>
File: ./fig//nmf_1.png Graphic file (type png)
<use ./fig//nmf_1.png>
Package pdftex.def Info: ./fig//nmf_1.png  used on input line 326.
(pdftex.def)             Requested size: 247.67168pt x 144.19028pt.

Overfull \hbox (32.66937pt too wide) in paragraph at lines 326--329
 [][] 
 []

<./fig//nmf_2.png, id=48, 423.5022pt x 335.3328pt>
File: ./fig//nmf_2.png Graphic file (type png)
<use ./fig//nmf_2.png>
Package pdftex.def Info: ./fig//nmf_2.png  used on input line 332.
(pdftex.def)             Requested size: 182.10239pt x 144.19028pt.

Underfull \vbox (badness 4341) has occurred while \output is active []

 [6 <./fig//svd2_r_w.png>]
report.tex:353: Undefined control sequence.
l.353 \toprule
              
The control sequence at the end of the top line
of your error message was never \def'ed. If you have
misspelled it (e.g., `\hobx'), type `I' and the correct
spelling (e.g., `I\hbox'). Otherwise just continue,
and I'll forget about whatever was undefined.

report.tex:355: Undefined control sequence.
<recently read> \midrule 
                         
l.355 \midrule
              
The control sequence at the end of the top line
of your error message was never \def'ed. If you have
misspelled it (e.g., `\hobx'), type `I' and the correct
spelling (e.g., `I\hbox'). Otherwise just continue,
and I'll forget about whatever was undefined.

report.tex:362: Undefined control sequence.
<recently read> \bottomrule 
                            
l.362 \bottomrule
                 
The control sequence at the end of the top line
of your error message was never \def'ed. If you have
misspelled it (e.g., `\hobx'), type `I' and the correct
spelling (e.g., `I\hbox'). Otherwise just continue,
and I'll forget about whatever was undefined.

<./fig//nmf_r_w.png, id=53, 1084.05pt x 722.7pt>
File: ./fig//nmf_r_w.png Graphic file (type png)
<use ./fig//nmf_r_w.png>
Package pdftex.def Info: ./fig//nmf_r_w.png  used on input line 372.
(pdftex.def)             Requested size: 487.818pt x 325.21199pt.

Overfull \hbox (57.81337pt too wide) in paragraph at lines 372--373
 [][] 
 []


Underfull \vbox (badness 1838) has occurred while \output is active []

 [7 <./fig//nmf_1.png> <./fig//nmf_2.png>]
File: ./fig//svd1_1.png Graphic file (type png)
<use ./fig//svd1_1.png>
Package pdftex.def Info: ./fig//svd1_1.png  used on input line 386.
(pdftex.def)             Requested size: 247.67168pt x 144.19028pt.

Overfull \hbox (32.66937pt too wide) in paragraph at lines 386--389
 [][] 
 []

File: ./fig//svd1_2.png Graphic file (type png)
<use ./fig//svd1_2.png>
Package pdftex.def Info: ./fig//svd1_2.png  used on input line 392.
(pdftex.def)             Requested size: 182.10239pt x 144.19028pt.
[8 <./fig//nmf_r_w.png>] [9] (D:/Studia\MoCaDR_proj1\Report\out\report.aux)

LaTeX Warning: There were multiply-defined labels.

 ) 
Here is how much of TeX's memory you used:
 6911 strings out of 478582
 105770 string characters out of 2856538
 404528 words of memory out of 3000000
 24834 multiletter control sequences out of 15000+600000
 489460 words of font info for 82 fonts, out of 8000000 for 9000
 1302 hyphenation exceptions out of 8191
 69i,10n,76p,585b,301s stack positions out of 5000i,500n,10000p,200000b,80000s
 <C:\Users\dmika\AppData\Local\MiKTeX\fonts/pk/ljfour/jknappen/ec/dpi600\ecss
1095.pk> <C:\Users\dmika\AppData\Local\MiKTeX\fonts/pk/ljfour/jknappen/ec/dpi60
0\ecrm0800.pk> <C:\Users\dmika\AppData\Local\MiKTeX\fonts/pk/ljfour/jknappen/ec
/dpi600\ecti1095.pk> <C:\Users\dmika\AppData\Local\MiKTeX\fonts/pk/ljfour/jknap
pen/ec/dpi600\ecbx1095.pk> <C:\Users\dmika\AppData\Local\MiKTeX\fonts/pk/ljfour
/jknappen/ec/dpi600\eccc1095.pk> <C:\Users\dmika\AppData\Local\MiKTeX\fonts/pk/
ljfour/jknappen/ec/dpi600\ecrm1095.pk> <C:\Users\dmika\AppData\Local\MiKTeX\fon
ts/pk/ljfour/jknappen/ec/dpi600\ecrm1200.pk> <C:\Users\dmika\AppData\Local\MiKT
eX\fonts/pk/ljfour/jknappen/ec/dpi600\ecrm1728.pk><D:/Programy/MikTeX/fonts/typ
e1/public/amsfonts/cm/cmex10.pfb><D:/Programy/MikTeX/fonts/type1/public/amsfont
s/cm/cmmi10.pfb><D:/Programy/MikTeX/fonts/type1/public/amsfonts/cm/cmmi8.pfb><D
:/Programy/MikTeX/fonts/type1/public/amsfonts/cm/cmmib10.pfb><D:/Programy/MikTe
X/fonts/type1/public/amsfonts/cm/cmr10.pfb><D:/Programy/MikTeX/fonts/type1/publ
ic/amsfonts/cm/cmr6.pfb><D:/Programy/MikTeX/fonts/type1/public/amsfonts/cm/cmr8
.pfb><D:/Programy/MikTeX/fonts/type1/public/amsfonts/cm/cmsy10.pfb><D:/Programy
/MikTeX/fonts/type1/public/amsfonts/cm/cmsy6.pfb><D:/Programy/MikTeX/fonts/type
1/public/amsfonts/cm/cmsy8.pfb>
Output written on D:/Studia\MoCaDR_proj1\Report\out\report.pdf (9 pages, 624165
 bytes).
PDF statistics:
 332 PDF objects out of 1000 (max. 8388607)
 0 named destinations out of 1000 (max. 500000)
 46 words of extra memory for PDF output out of 10000 (max. 10000000)

